<?xml version="1.0" encoding="UTF-8"?>
<testsuite xmlns:xsi="http://www.w3.org/2001/XMLSchema-instance" xsi:noNamespaceSchemaLocation="https://maven.apache.org/surefire/maven-surefire-plugin/xsd/surefire-test-report.xsd" name="no.nav.melosys.service.KildeCodeGeneratorServiceTest" time="1.727" tests="2" errors="1" skipped="0" failures="0">
  <properties>
[...]
</properties>
  <testcase name="velgTemplateType_classNavnFinnesList_velgRiktigTemplate" classname="no.nav.melosys.service.KildeCodeGeneratorServiceTest" time="0.415">
    <error message="Lagring av Java fil feilet for classNavn Forordning_883_2004Template not found for name &quot;LovvalgBestemmelse.ftlh&quot;.&#10;The name was interpreted by this TemplateLoader: FileTemplateLoader(baseDir=&quot;C:\Ankur\melosyskodeverk\target\classes\templates&quot;, canonicalBasePath=&quot;C:\Ankur\melosyskodeverk\target\classes\templates\&quot;)." type="java.lang.RuntimeException">java.lang.RuntimeException: 
Lagring av Java fil feilet for classNavn Forordning_883_2004Template not found for name "LovvalgBestemmelse.ftlh".
The name was interpreted by this TemplateLoader: FileTemplateLoader(baseDir="C:\Ankur\melosyskodeverk\target\classes\templates", canonicalBasePath="C:\Ankur\melosyskodeverk\target\classes\templates\").
	at no.nav.melosys.service.KildeCodeGeneratorServiceTest.velgTemplateType_classNavnFinnesList_velgRiktigTemplate(KildeCodeGeneratorServiceTest.java:58)
</error>
  </testcase>
  <testcase name="genererEnumKildeKodeForInterntKodeverkTabell_classNavnOgEnumInformasjonFinnes_genererKildeKoden" classname="no.nav.melosys.service.KildeCodeGeneratorServiceTest" time="0"/>
</testsuite>